
*** Starting uWSGI 2.0.15-debian (64bit) on [Tue May 19 20:22:28 2020] ***
compiled with version: 7.3.0 on 28 September 2018 15:41:15
os: Linux-5.3.0-28-generic #30~18.04.1-Ubuntu SMP Fri Jan 17 06:14:09 UTC 2020
nodename: user
machine: x86_64
clock source: unix
pcre jit disabled
detected number of CPU cores: 4
current working directory: /home/a123/sign
detected binary path: /usr/bin/uwsgi-core
dropping root privileges as early as possible
chdir() to /sign
chdir(): No such file or directory [core/uwsgi.c line 2592]
*** Starting uWSGI 2.0.15-debian (64bit) on [Tue May 19 20:27:27 2020] ***
compiled with version: 7.3.0 on 28 September 2018 15:41:15
os: Linux-5.3.0-28-generic #30~18.04.1-Ubuntu SMP Fri Jan 17 06:14:09 UTC 2020
nodename: user
machine: x86_64
clock source: unix
pcre jit disabled
detected number of CPU cores: 4
current working directory: /home/a123/sign
detected binary path: /usr/bin/uwsgi-core
dropping root privileges as early as possible
chdir() to /sign
chdir(): No such file or directory [core/uwsgi.c line 2592]
*** Starting uWSGI 2.0.15-debian (64bit) on [Tue May 19 20:30:42 2020] ***
compiled with version: 7.3.0 on 28 September 2018 15:41:15
os: Linux-5.3.0-28-generic #30~18.04.1-Ubuntu SMP Fri Jan 17 06:14:09 UTC 2020
nodename: user
machine: x86_64
clock source: unix
pcre jit disabled
detected number of CPU cores: 4
current working directory: /home/a123/sign
detected binary path: /usr/bin/uwsgi-core
dropping root privileges as early as possible
chdir() to /sign
chdir(): No such file or directory [core/uwsgi.c line 2592]
*** Starting uWSGI 2.0.15-debian (64bit) on [Tue May 19 20:31:53 2020] ***
compiled with version: 7.3.0 on 28 September 2018 15:41:15
os: Linux-5.3.0-28-generic #30~18.04.1-Ubuntu SMP Fri Jan 17 06:14:09 UTC 2020
nodename: user
machine: x86_64
clock source: unix
pcre jit disabled
detected number of CPU cores: 4
current working directory: /home/a123/sign
detected binary path: /usr/bin/uwsgi-core
dropping root privileges as early as possible
chdir() to /sign
chdir(): No such file or directory [core/uwsgi.c line 2592]
*** Starting uWSGI 2.0.15-debian (64bit) on [Tue May 19 20:33:37 2020] ***
compiled with version: 7.3.0 on 28 September 2018 15:41:15
os: Linux-5.3.0-28-generic #30~18.04.1-Ubuntu SMP Fri Jan 17 06:14:09 UTC 2020
nodename: user
machine: x86_64
clock source: unix
pcre jit disabled
detected number of CPU cores: 4
current working directory: /home/a123/sign
detected binary path: /usr/bin/uwsgi-core
dropping root privileges as early as possible
chdir() to /sign
chdir(): No such file or directory [core/uwsgi.c line 2592]
*** Starting uWSGI 2.0.15-debian (64bit) on [Tue May 19 21:15:41 2020] ***
compiled with version: 7.3.0 on 28 September 2018 15:41:15
os: Linux-5.3.0-28-generic #30~18.04.1-Ubuntu SMP Fri Jan 17 06:14:09 UTC 2020
nodename: user
machine: x86_64
clock source: unix
pcre jit disabled
detected number of CPU cores: 4
current working directory: /home/a123/sign
detected binary path: /usr/bin/uwsgi-core
dropping root privileges as early as possible
chdir() to /sign
chdir(): No such file or directory [core/uwsgi.c line 2592]
*** Starting uWSGI 2.0.15-debian (64bit) on [Tue May 19 21:18:30 2020] ***
compiled with version: 7.3.0 on 28 September 2018 15:41:15
os: Linux-5.3.0-28-generic #30~18.04.1-Ubuntu SMP Fri Jan 17 06:14:09 UTC 2020
nodename: user
machine: x86_64
clock source: unix
pcre jit disabled
detected number of CPU cores: 4
current working directory: /home/a123/sign
detected binary path: /usr/bin/uwsgi-core
dropping root privileges as early as possible
chdir() to /sign
chdir(): No such file or directory [core/uwsgi.c line 2592]
*** Starting uWSGI 2.0.15-debian (64bit) on [Tue May 19 21:23:44 2020] ***
compiled with version: 7.3.0 on 28 September 2018 15:41:15
os: Linux-5.3.0-28-generic #30~18.04.1-Ubuntu SMP Fri Jan 17 06:14:09 UTC 2020
nodename: user
machine: x86_64
clock source: unix
pcre jit disabled
detected number of CPU cores: 4
current working directory: /home/a123/sign
detected binary path: /usr/bin/uwsgi-core
dropping root privileges as early as possible
chdir() to /home/a123/sign
*** WARNING: you are running uWSGI without its master process manager ***
your processes number limit is 31143
your memory page size is 4096 bytes
detected max file descriptor number: 1024
lock engine: pthread robust mutexes
thunder lock: disabled (you can enable it with --thunder-lock)
uwsgi socket 0 bound to TCP address 127.0.0.1:8000 fd 3
bind(): No such file or directory [core/socket.c line 230]
